<?xml version="1.0" encoding="UTF-8"?>
<testng-results skipped="0" failed="0" ignored="0" total="1" passed="1">
  <reporter-output>
  </reporter-output>
  <suite name="Default suite" duration-ms="971913" started-at="2020-07-22T11:05:48 IST" finished-at="2020-07-22T11:22:00 IST">
    <groups>
    </groups>
    <test name="Default test" duration-ms="971913" started-at="2020-07-22T11:05:48 IST" finished-at="2020-07-22T11:22:00 IST">
      <class name="tests.TC010_Verify_IssueLinkType">
        <test-method status="PASS" signature="getConfigData()[pri:0, instance:tests.TC010_Verify_IssueLinkType@467aecef]" name="getConfigData" is-config="true" duration-ms="5965" started-at="2020-07-22T11:05:42 IST" finished-at="2020-07-22T11:05:48 IST">
          <reporter-output>
          </reporter-output>
        </test-method> <!-- getConfigData -->
        <test-method status="PASS" signature="setFileName()[pri:0, instance:tests.TC010_Verify_IssueLinkType@467aecef]" name="setFileName" is-config="true" duration-ms="0" started-at="2020-07-22T11:05:48 IST" finished-at="2020-07-22T11:05:48 IST">
          <reporter-output>
          </reporter-output>
        </test-method> <!-- setFileName -->
        <test-method status="PASS" signature="getTableCount(java.lang.String, java.lang.String)[pri:0, instance:tests.TC010_Verify_IssueLinkType@467aecef]" name="getTableCount" duration-ms="652990" started-at="2020-07-22T11:11:05 IST" data-provider="ReadRoleTestData" finished-at="2020-07-22T11:21:58 IST">
          <params>
            <param index="0">
              <value>
                <![CDATA[10151]]>
              </value>
            </param>
            <param index="1">
              <value>
                <![CDATA[Assumption]]>
              </value>
            </param>
          </params>
          <reporter-output>
          </reporter-output>
        </test-method> <!-- getTableCount -->
      </class> <!-- tests.TC010_Verify_IssueLinkType -->
    </test> <!-- Default test -->
  </suite> <!-- Default suite -->
</testng-results>
